<?xml version="1.0" encoding="UTF-8"?>
<testsuite xmlns:xsi="http://www.w3.org/2001/XMLSchema-instance" xsi:noNamespaceSchemaLocation="https://maven.apache.org/surefire/maven-surefire-plugin/xsd/surefire-test-report-3.0.xsd" version="3.0" name="br.com.Iluminacao.IluminacaoApplicationTests" time="25.533" tests="1" errors="0" skipped="0" failures="0">
  <properties>
[...]
</properties>
  <testcase name="contextLoads" classname="br.com.Iluminacao.IluminacaoApplicationTests" time="2.164">
    <system-out><![CDATA[20:29:20.785 [main] INFO org.springframework.test.context.support.AnnotationConfigContextLoaderUtils -- Could not detect default configuration classes for test class [br.com.Iluminacao.IluminacaoApplicationTests]: IluminacaoApplicationTests does not declare any static, non-private, non-final, nested classes annotated with @Configuration.
20:29:21.397 [main] INFO org.springframework.boot.test.context.SpringBootTestContextBootstrapper -- Found @SpringBootConfiguration br.com.Iluminacao.IluminacaoApplication for test class br.com.Iluminacao.IluminacaoApplicationTests
  .   ____          _            __ _ _
 /\\ / ___'_ __ _ _(_)_ __  __ _ \ \ \ \
( ( )\___ | '_ | '_| | '_ \/ _` | \ \ \ \
 \\/  ___)| |_)| | | | | || (_| |  ) ) ) )
  '  |____| .__|_| |_|_| |_\__, | / / / /
 =========|_|==============|___/=/_/_/_/

 :: Spring Boot ::                (v3.3.0)

2024-05-30T20:29:23.902-03:00  INFO 7980 --- [Iluminacao] [           main] b.c.I.IluminacaoApplicationTests         : Starting IluminacaoApplicationTests using Java 21.0.2 with PID 7980 (started by lucas in C:\Java_projetos_Spring\Iluminacao)
2024-05-30T20:29:23.904-03:00  INFO 7980 --- [Iluminacao] [           main] b.c.I.IluminacaoApplicationTests         : No active profile set, falling back to 1 default profile: "default"
2024-05-30T20:29:24.261-03:00 DEBUG 7980 --- [Iluminacao] [           main] o.s.w.c.s.GenericWebApplicationContext   : Refreshing org.springframework.web.context.support.GenericWebApplicationContext@72bca894
2024-05-30T20:29:28.392-03:00  INFO 7980 --- [Iluminacao] [           main] .s.d.r.c.RepositoryConfigurationDelegate : Bootstrapping Spring Data JPA repositories in DEFAULT mode.
2024-05-30T20:29:28.708-03:00  INFO 7980 --- [Iluminacao] [           main] .s.d.r.c.RepositoryConfigurationDelegate : Finished Spring Data repository scanning in 272 ms. Found 2 JPA repository interfaces.
2024-05-30T20:29:31.554-03:00  INFO 7980 --- [Iluminacao] [           main] com.zaxxer.hikari.HikariDataSource       : HikariPool-1 - Starting...
2024-05-30T20:29:33.078-03:00  INFO 7980 --- [Iluminacao] [           main] com.zaxxer.hikari.pool.HikariPool        : HikariPool-1 - Added connection oracle.jdbc.driver.T4CConnection@6de7778f
2024-05-30T20:29:33.082-03:00  INFO 7980 --- [Iluminacao] [           main] com.zaxxer.hikari.HikariDataSource       : HikariPool-1 - Start completed.
2024-05-30T20:29:33.135-03:00  INFO 7980 --- [Iluminacao] [           main] org.flywaydb.core.FlywayExecutor         : Database: jdbc:oracle:thin:@oracle.fiap.com.br:1521:ORCL (Oracle 19.0)
2024-05-30T20:29:33.789-03:00  INFO 7980 --- [Iluminacao] [           main] o.f.core.internal.command.DbValidate     : Successfully validated 5 migrations (execution time 00:00.189s)
2024-05-30T20:29:33.879-03:00  INFO 7980 --- [Iluminacao] [           main] o.f.core.internal.command.DbMigrate      : Current version of schema "RM99529": 4
2024-05-30T20:29:33.916-03:00  INFO 7980 --- [Iluminacao] [           main] o.f.core.internal.command.DbMigrate      : Schema "RM99529" is up to date. No migration necessary.
2024-05-30T20:29:34.428-03:00  INFO 7980 --- [Iluminacao] [           main] o.hibernate.jpa.internal.util.LogHelper  : HHH000204: Processing PersistenceUnitInfo [name: default]
2024-05-30T20:29:34.784-03:00  INFO 7980 --- [Iluminacao] [           main] org.hibernate.Version                    : HHH000412: Hibernate ORM core version 6.5.2.Final
2024-05-30T20:29:35.009-03:00  INFO 7980 --- [Iluminacao] [           main] o.h.c.internal.RegionFactoryInitiator    : HHH000026: Second-level cache disabled
2024-05-30T20:29:36.318-03:00  INFO 7980 --- [Iluminacao] [           main] o.s.o.j.p.SpringPersistenceUnitInfo      : No LoadTimeWeaver setup: ignoring JPA class transformer
2024-05-30T20:29:39.458-03:00  INFO 7980 --- [Iluminacao] [           main] o.h.e.t.j.p.i.JtaPlatformInitiator       : HHH000489: No JTA platform available (set 'hibernate.transaction.jta.platform' to enable JTA platform integration)
2024-05-30T20:29:39.463-03:00  INFO 7980 --- [Iluminacao] [           main] j.LocalContainerEntityManagerFactoryBean : Initialized JPA EntityManagerFactory for persistence unit 'default'
2024-05-30T20:29:40.761-03:00  INFO 7980 --- [Iluminacao] [           main] r$InitializeUserDetailsManagerConfigurer : Global AuthenticationManager configured with UserDetailsService bean with name authorizationService
2024-05-30T20:29:40.888-03:00  WARN 7980 --- [Iluminacao] [           main] JpaBaseConfiguration$JpaWebConfiguration : spring.jpa.open-in-view is enabled by default. Therefore, database queries may be performed during view rendering. Explicitly configure spring.jpa.open-in-view to disable this warning
2024-05-30T20:29:41.397-03:00 DEBUG 7980 --- [Iluminacao] [           main] s.w.s.m.m.a.RequestMappingHandlerMapping : 15 mappings in 'requestMappingHandlerMapping'
2024-05-30T20:29:41.693-03:00 DEBUG 7980 --- [Iluminacao] [           main] o.s.w.s.handler.SimpleUrlHandlerMapping  : Patterns [/webjars/**, /**] in 'resourceHandlerMapping'
2024-05-30T20:29:41.826-03:00  INFO 7980 --- [Iluminacao] [           main] o.s.s.web.DefaultSecurityFilterChain     : Will secure any request with [org.springframework.security.web.session.DisableEncodeUrlFilter@3b863b4, org.springframework.security.web.context.request.async.WebAsyncManagerIntegrationFilter@2524f9bf, org.springframework.security.web.context.SecurityContextHolderFilter@552b7481, org.springframework.security.web.header.HeaderWriterFilter@668ea404, org.springframework.web.filter.CorsFilter@7e2c8622, org.springframework.security.web.authentication.logout.LogoutFilter@523e019c, br.com.Iluminacao.config.security.VerificarToken@c6db00d, org.springframework.security.web.savedrequest.RequestCacheAwareFilter@24244ea, org.springframework.security.web.servletapi.SecurityContextHolderAwareRequestFilter@51f31fad, org.springframework.security.web.authentication.AnonymousAuthenticationFilter@4b02dc4e, org.springframework.security.web.session.SessionManagementFilter@6a4f15bc, org.springframework.security.web.access.ExceptionTranslationFilter@75128cf, org.springframework.security.web.access.intercept.AuthorizationFilter@60b8c05c]
2024-05-30T20:29:42.392-03:00 DEBUG 7980 --- [Iluminacao] [           main] s.w.s.m.m.a.RequestMappingHandlerAdapter : ControllerAdvice beans: 0 @ModelAttribute, 0 @InitBinder, 1 RequestBodyAdvice, 1 ResponseBodyAdvice
2024-05-30T20:29:42.508-03:00 DEBUG 7980 --- [Iluminacao] [           main] .m.m.a.ExceptionHandlerExceptionResolver : ControllerAdvice beans: 1 @ExceptionHandler, 1 ResponseBodyAdvice
2024-05-30T20:29:42.895-03:00  INFO 7980 --- [Iluminacao] [           main] b.c.I.IluminacaoApplicationTests         : Started IluminacaoApplicationTests in 20.398 seconds (process running for 24.607)
]]></system-out>
    <system-err><![CDATA[WARNING: A Java agent has been loaded dynamically (C:\Users\lucas\.m2\repository\net\bytebuddy\byte-buddy-agent\1.14.16\byte-buddy-agent-1.14.16.jar)
WARNING: If a serviceability tool is in use, please run with -XX:+EnableDynamicAgentLoading to hide this warning
WARNING: If a serviceability tool is not in use, please run with -Djdk.instrument.traceUsage for more information
WARNING: Dynamic loading of agents will be disallowed by default in a future release
]]></system-err>
  </testcase>
</testsuite>